<?xml version="1.0" encoding="UTF-8"?>
<!-- Generated by org.testng.reporters.JUnitReportReporter -->
<testsuite hostname="LAPTOP-RakeshHabbanakuppeChandra" failures="0" tests="3" name="BVTRunner.TestRunner" time="29.981" errors="0" timestamp="2023-09-27T12:47:01 IST" skipped="0">
  <testcase classname="BVTRunner.TestRunner" name="runScenario" time="12.398"/>
  <testcase classname="BVTRunner.TestRunner" name="runScenario" time="8.710"/>
  <testcase classname="BVTRunner.TestRunner" name="runScenario" time="8.873"/>
</testsuite> <!-- BVTRunner.TestRunner -->
